19:31:48 **** Incremental Build of configuration Debug for project LED_Timer ****
make all 
Building file: ../main.c
Invoking: AVR Compiler
avr-gcc -Wall -g2 -gstabs -O0 -fpack-struct -fshort-enums -ffunction-sections -fdata-sections -std=gnu99 -funsigned-char -funsigned-bitfields -mmcu=atmega16 -DF_CPU=1000000UL -MMD -MP -MF"main.d" -MT"main.o" -c -o "main.o" "../main.c"
Finished building: ../main.c
 
Building target: LED_Timer.elf
Invoking: AVR C Linker
avr-gcc -Wl,-Map,LED_Timer.map -mmcu=atmega16 -o "LED_Timer.elf"  ./main.o   
Finished building target: LED_Timer.elf
 
Invoking: AVR Create Extended Listing
avr-objdump -h -S LED_Timer.elf  >"LED_Timer.lss"
Finished building: LED_Timer.lss
 
Invoking: Print Size
avr-size --format=avr --mcu=atmega16 LED_Timer.elf
AVR Memory Usage
----------------
Device: atmega16

Program:     330 bytes (2.0% Full)
(.text + .data + .bootloader)

Data:          1 bytes (0.1% Full)
(.data + .bss + .noinit)


Finished building: sizedummy
 
